2020-10-28 13:35:15.957  INFO 11979 --- [restartedMain] c.s.a.p.HrManagementSystemApplication    : Starting HrManagementSystemApplication on selim-linux with PID 11979 (/home/selim/Documents/workspace-spring-tool-suite-4-4.6.1.RELEASE/HR-Management-System/target/classes started by selim in /home/selim/Documents/workspace-spring-tool-suite-4-4.6.1.RELEASE/HR-Management-System)
2020-10-28 13:35:15.980  INFO 11979 --- [restartedMain] c.s.a.p.HrManagementSystemApplication    : No active profile set, falling back to default profiles: default
2020-10-28 13:35:16.191  INFO 11979 --- [restartedMain] .e.DevToolsPropertyDefaultsPostProcessor : Devtools property defaults active! Set 'spring.devtools.add-properties' to 'false' to disable
2020-10-28 13:35:16.192  INFO 11979 --- [restartedMain] .e.DevToolsPropertyDefaultsPostProcessor : For additional web related logging consider setting the 'logging.level.web' property to 'DEBUG'
2020-10-28 13:35:17.125  INFO 11979 --- [restartedMain] .s.d.r.c.RepositoryConfigurationDelegate : Bootstrapping Spring Data JPA repositories in DEFERRED mode.
2020-10-28 13:35:17.135 DEBUG 11979 --- [restartedMain] .s.d.r.c.RepositoryConfigurationDelegate : Scanning for JPA repositories in packages com.selimhorri.app.pack.
2020-10-28 13:35:17.140 DEBUG 11979 --- [restartedMain] o.s.d.r.c.RepositoryComponentProvider    : Identified candidate component class: file [/home/selim/Documents/workspace-spring-tool-suite-4-4.6.1.RELEASE/HR-Management-System/target/classes/com/selimhorri/app/pack/repositories/DepartmentRepository.class]
2020-10-28 13:35:17.140 DEBUG 11979 --- [restartedMain] o.s.d.r.c.RepositoryComponentProvider    : Identified candidate component class: file [/home/selim/Documents/workspace-spring-tool-suite-4-4.6.1.RELEASE/HR-Management-System/target/classes/com/selimhorri/app/pack/repositories/EmployeeRepository.class]
2020-10-28 13:35:17.184 DEBUG 11979 --- [restartedMain] .s.d.r.c.RepositoryConfigurationDelegate : Registering deferred repository initialization listener.
2020-10-28 13:35:17.185  INFO 11979 --- [restartedMain] .s.d.r.c.RepositoryConfigurationDelegate : Finished Spring Data repository scanning in 49ms. Found 2 JPA repository interfaces.
2020-10-28 13:35:17.649  INFO 11979 --- [restartedMain] o.s.b.w.embedded.tomcat.TomcatWebServer  : Tomcat initialized with port(s): 8080 (http)
2020-10-28 13:35:17.672  INFO 11979 --- [restartedMain] o.apache.catalina.core.StandardService   : Starting service [Tomcat]
2020-10-28 13:35:17.673  INFO 11979 --- [restartedMain] org.apache.catalina.core.StandardEngine  : Starting Servlet engine: [Apache Tomcat/9.0.38]
2020-10-28 13:35:17.763  INFO 11979 --- [restartedMain] o.a.c.c.C.[Tomcat].[localhost].[/]       : Initializing Spring embedded WebApplicationContext
2020-10-28 13:35:17.763  INFO 11979 --- [restartedMain] w.s.c.ServletWebServerApplicationContext : Root WebApplicationContext: initialization completed in 1571 ms
2020-10-28 13:35:17.802 DEBUG 11979 --- [restartedMain] o.springframework.web.filter.CorsFilter  : Filter 'corsFilter' configured for use
2020-10-28 13:35:17.970  INFO 11979 --- [restartedMain] o.s.s.concurrent.ThreadPoolTaskExecutor  : Initializing ExecutorService 'applicationTaskExecutor'
2020-10-28 13:35:18.179  INFO 11979 --- [restartedMain] com.zaxxer.hikari.HikariDataSource       : HikariPool-1 - Starting...
2020-10-28 13:35:18.533  INFO 11979 --- [restartedMain] com.zaxxer.hikari.HikariDataSource       : HikariPool-1 - Start completed.
2020-10-28 13:35:18.600 DEBUG 11979 --- [restartedMain] ate$LazyRepositoryInjectionPointResolver : Creating lazy injection proxy for com.selimhorri.app.pack.repositories.EmployeeRepository…
2020-10-28 13:35:18.605  INFO 11979 --- [task-1] o.hibernate.jpa.internal.util.LogHelper  : HHH000204: Processing PersistenceUnitInfo [name: default]
2020-10-28 13:35:18.873  INFO 11979 --- [task-1] org.hibernate.Version                    : HHH000412: Hibernate ORM core version 5.4.21.Final
2020-10-28 13:35:18.942  WARN 11979 --- [restartedMain] JpaBaseConfiguration$JpaWebConfiguration : spring.jpa.open-in-view is enabled by default. Therefore, database queries may be performed during view rendering. Explicitly configure spring.jpa.open-in-view to disable this warning
2020-10-28 13:35:19.104  INFO 11979 --- [task-1] o.hibernate.annotations.common.Version   : HCANN000001: Hibernate Commons Annotations {5.1.0.Final}
2020-10-28 13:35:19.117 DEBUG 11979 --- [restartedMain] s.w.s.m.m.a.RequestMappingHandlerAdapter : ControllerAdvice beans: 0 @ModelAttribute, 0 @InitBinder, 1 RequestBodyAdvice, 1 ResponseBodyAdvice
2020-10-28 13:35:19.144 DEBUG 11979 --- [restartedMain] s.w.s.m.m.a.RequestMappingHandlerMapping : 4 mappings in 'requestMappingHandlerMapping'
2020-10-28 13:35:19.159 DEBUG 11979 --- [restartedMain] o.s.w.s.handler.SimpleUrlHandlerMapping  : Patterns [/webjars/**, /**] in 'resourceHandlerMapping'
2020-10-28 13:35:19.162  INFO 11979 --- [task-1] org.hibernate.dialect.Dialect            : HHH000400: Using dialect: org.hibernate.dialect.MySQL5InnoDBDialect
2020-10-28 13:35:19.165 DEBUG 11979 --- [restartedMain] .m.m.a.ExceptionHandlerExceptionResolver : ControllerAdvice beans: 1 @ExceptionHandler, 1 ResponseBodyAdvice
2020-10-28 13:35:19.244  WARN 11979 --- [restartedMain] ion$DefaultTemplateResolverConfiguration : Cannot find template location: classpath:/templates/ (please add some templates or check your Thymeleaf configuration)
2020-10-28 13:35:19.359  INFO 11979 --- [restartedMain] o.s.b.d.a.OptionalLiveReloadServer       : LiveReload server is running on port 35729
2020-10-28 13:35:19.385  INFO 11979 --- [restartedMain] o.s.b.w.embedded.tomcat.TomcatWebServer  : Tomcat started on port(s): 8080 (http) with context path ''
2020-10-28 13:35:19.387  INFO 11979 --- [restartedMain] DeferredRepositoryInitializationListener : Triggering deferred initialization of Spring Data repositories…
2020-10-28 13:35:19.407 DEBUG 11979 --- [restartedMain] .c.JpaMetamodelMappingContextFactoryBean : Initializing JpaMetamodelMappingContext…
2020-10-28 13:35:19.487  INFO 11979 --- [task-1] o.h.e.t.j.p.i.JtaPlatformInitiator       : HHH000490: Using JtaPlatform implementation: [org.hibernate.engine.transaction.jta.platform.internal.NoJtaPlatform]
2020-10-28 13:35:19.491  INFO 11979 --- [task-1] j.LocalContainerEntityManagerFactoryBean : Initialized JPA EntityManagerFactory for persistence unit 'default'
2020-10-28 13:35:19.496 DEBUG 11979 --- [restartedMain] .c.JpaMetamodelMappingContextFactoryBean : Finished initializing JpaMetamodelMappingContext!
2020-10-28 13:35:19.592 DEBUG 11979 --- [restartedMain] o.s.d.r.c.s.RepositoryFactorySupport     : Initializing repository instance for com.selimhorri.app.pack.repositories.EmployeeRepository…
2020-10-28 13:35:19.624 DEBUG 11979 --- [restartedMain] o.s.d.j.r.query.JpaQueryFactory          : Looking up query for method getBoss
2020-10-28 13:35:19.631 DEBUG 11979 --- [restartedMain] o.s.d.r.c.s.RepositoryFactorySupport     : Finished creation of repository instance for com.selimhorri.app.pack.repositories.EmployeeRepository.
2020-10-28 13:35:19.635 DEBUG 11979 --- [restartedMain] o.s.d.r.c.s.RepositoryFactorySupport     : Initializing repository instance for com.selimhorri.app.pack.repositories.DepartmentRepository…
2020-10-28 13:35:19.642 DEBUG 11979 --- [restartedMain] o.s.d.r.c.s.RepositoryFactorySupport     : Finished creation of repository instance for com.selimhorri.app.pack.repositories.DepartmentRepository.
2020-10-28 13:35:19.642  INFO 11979 --- [restartedMain] DeferredRepositoryInitializationListener : Spring Data repositories initialized!
2020-10-28 13:35:19.651  INFO 11979 --- [restartedMain] c.s.a.p.HrManagementSystemApplication    : Started HrManagementSystemApplication in 4.218 seconds (JVM running for 6.916)
2020-10-28 13:35:20.455  INFO 11979 --- [RMI TCP Connection(2)-127.0.0.1] inMXBeanRegistrar$SpringApplicationAdmin : Application shutdown requested.
2020-10-28 13:35:20.513  INFO 11979 --- [RMI TCP Connection(2)-127.0.0.1] j.LocalContainerEntityManagerFactoryBean : Closing JPA EntityManagerFactory for persistence unit 'default'
2020-10-28 13:35:20.514  INFO 11979 --- [RMI TCP Connection(2)-127.0.0.1] o.s.s.concurrent.ThreadPoolTaskExecutor  : Shutting down ExecutorService 'applicationTaskExecutor'
2020-10-28 13:35:20.515  INFO 11979 --- [RMI TCP Connection(2)-127.0.0.1] com.zaxxer.hikari.HikariDataSource       : HikariPool-1 - Shutdown initiated...
2020-10-28 13:35:20.520  INFO 11979 --- [RMI TCP Connection(2)-127.0.0.1] com.zaxxer.hikari.HikariDataSource       : HikariPool-1 - Shutdown completed.
2020-10-28 13:35:29.548  INFO 12078 --- [restartedMain] c.s.a.p.HrManagementSystemApplication    : Starting HrManagementSystemApplication on selim-linux with PID 12078 (/home/selim/Documents/workspace-spring-tool-suite-4-4.6.1.RELEASE/HR-Management-System/target/classes started by selim in /home/selim/Documents/workspace-spring-tool-suite-4-4.6.1.RELEASE/HR-Management-System)
2020-10-28 13:35:29.550  INFO 12078 --- [restartedMain] c.s.a.p.HrManagementSystemApplication    : No active profile set, falling back to default profiles: default
2020-10-28 13:35:29.573  INFO 12078 --- [restartedMain] .e.DevToolsPropertyDefaultsPostProcessor : Devtools property defaults active! Set 'spring.devtools.add-properties' to 'false' to disable
2020-10-28 13:35:29.573  INFO 12078 --- [restartedMain] .e.DevToolsPropertyDefaultsPostProcessor : For additional web related logging consider setting the 'logging.level.web' property to 'DEBUG'
2020-10-28 13:35:29.913  INFO 12078 --- [restartedMain] .s.d.r.c.RepositoryConfigurationDelegate : Bootstrapping Spring Data JPA repositories in DEFERRED mode.
2020-10-28 13:35:29.921 DEBUG 12078 --- [restartedMain] .s.d.r.c.RepositoryConfigurationDelegate : Scanning for JPA repositories in packages com.selimhorri.app.pack.
2020-10-28 13:35:29.926 DEBUG 12078 --- [restartedMain] o.s.d.r.c.RepositoryComponentProvider    : Identified candidate component class: file [/home/selim/Documents/workspace-spring-tool-suite-4-4.6.1.RELEASE/HR-Management-System/target/classes/com/selimhorri/app/pack/repositories/DepartmentRepository.class]
2020-10-28 13:35:29.926 DEBUG 12078 --- [restartedMain] o.s.d.r.c.RepositoryComponentProvider    : Identified candidate component class: file [/home/selim/Documents/workspace-spring-tool-suite-4-4.6.1.RELEASE/HR-Management-System/target/classes/com/selimhorri/app/pack/repositories/EmployeeRepository.class]
2020-10-28 13:35:29.945 DEBUG 12078 --- [restartedMain] .s.d.r.c.RepositoryConfigurationDelegate : Registering deferred repository initialization listener.
2020-10-28 13:35:29.946  INFO 12078 --- [restartedMain] .s.d.r.c.RepositoryConfigurationDelegate : Finished Spring Data repository scanning in 24ms. Found 2 JPA repository interfaces.
2020-10-28 13:35:30.201  INFO 12078 --- [restartedMain] o.s.b.w.embedded.tomcat.TomcatWebServer  : Tomcat initialized with port(s): 8080 (http)
2020-10-28 13:35:30.205  INFO 12078 --- [restartedMain] o.apache.catalina.core.StandardService   : Starting service [Tomcat]
2020-10-28 13:35:30.205  INFO 12078 --- [restartedMain] org.apache.catalina.core.StandardEngine  : Starting Servlet engine: [Apache Tomcat/9.0.38]
2020-10-28 13:35:30.249  INFO 12078 --- [restartedMain] o.a.c.c.C.[Tomcat].[localhost].[/]       : Initializing Spring embedded WebApplicationContext
2020-10-28 13:35:30.249  INFO 12078 --- [restartedMain] w.s.c.ServletWebServerApplicationContext : Root WebApplicationContext: initialization completed in 676 ms
2020-10-28 13:35:30.272 DEBUG 12078 --- [restartedMain] o.springframework.web.filter.CorsFilter  : Filter 'corsFilter' configured for use
2020-10-28 13:35:30.377  INFO 12078 --- [restartedMain] o.s.s.concurrent.ThreadPoolTaskExecutor  : Initializing ExecutorService 'applicationTaskExecutor'
2020-10-28 13:35:30.383  INFO 12078 --- [restartedMain] com.zaxxer.hikari.HikariDataSource       : HikariPool-1 - Starting...
2020-10-28 13:35:30.450  INFO 12078 --- [restartedMain] com.zaxxer.hikari.HikariDataSource       : HikariPool-1 - Start completed.
2020-10-28 13:35:30.470 DEBUG 12078 --- [restartedMain] ate$LazyRepositoryInjectionPointResolver : Creating lazy injection proxy for com.selimhorri.app.pack.repositories.EmployeeRepository…
2020-10-28 13:35:30.475  INFO 12078 --- [task-1] o.hibernate.jpa.internal.util.LogHelper  : HHH000204: Processing PersistenceUnitInfo [name: default]
2020-10-28 13:35:30.498  INFO 12078 --- [task-1] org.hibernate.Version                    : HHH000412: Hibernate ORM core version 5.4.21.Final
2020-10-28 13:35:30.527  WARN 12078 --- [restartedMain] JpaBaseConfiguration$JpaWebConfiguration : spring.jpa.open-in-view is enabled by default. Therefore, database queries may be performed during view rendering. Explicitly configure spring.jpa.open-in-view to disable this warning
2020-10-28 13:35:30.556  INFO 12078 --- [task-1] o.hibernate.annotations.common.Version   : HCANN000001: Hibernate Commons Annotations {5.1.0.Final}
2020-10-28 13:35:30.613  INFO 12078 --- [task-1] org.hibernate.dialect.Dialect            : HHH000400: Using dialect: org.hibernate.dialect.MySQL5InnoDBDialect
2020-10-28 13:35:30.616 DEBUG 12078 --- [restartedMain] s.w.s.m.m.a.RequestMappingHandlerAdapter : ControllerAdvice beans: 0 @ModelAttribute, 0 @InitBinder, 1 RequestBodyAdvice, 1 ResponseBodyAdvice
2020-10-28 13:35:30.648 DEBUG 12078 --- [restartedMain] s.w.s.m.m.a.RequestMappingHandlerMapping : 4 mappings in 'requestMappingHandlerMapping'
2020-10-28 13:35:30.664 DEBUG 12078 --- [restartedMain] o.s.w.s.handler.SimpleUrlHandlerMapping  : Patterns [/webjars/**, /**] in 'resourceHandlerMapping'
2020-10-28 13:35:30.670 DEBUG 12078 --- [restartedMain] .m.m.a.ExceptionHandlerExceptionResolver : ControllerAdvice beans: 1 @ExceptionHandler, 1 ResponseBodyAdvice
2020-10-28 13:35:30.686  WARN 12078 --- [restartedMain] ion$DefaultTemplateResolverConfiguration : Cannot find template location: classpath:/templates/ (please add some templates or check your Thymeleaf configuration)
2020-10-28 13:35:30.739  INFO 12078 --- [restartedMain] o.s.b.d.a.OptionalLiveReloadServer       : LiveReload server is running on port 35729
2020-10-28 13:35:30.759  INFO 12078 --- [restartedMain] o.s.b.w.embedded.tomcat.TomcatWebServer  : Tomcat started on port(s): 8080 (http) with context path ''
2020-10-28 13:35:30.761  INFO 12078 --- [restartedMain] DeferredRepositoryInitializationListener : Triggering deferred initialization of Spring Data repositories…
2020-10-28 13:35:30.785 DEBUG 12078 --- [restartedMain] .c.JpaMetamodelMappingContextFactoryBean : Initializing JpaMetamodelMappingContext…
2020-10-28 13:35:30.822  INFO 12078 --- [task-1] o.h.e.t.j.p.i.JtaPlatformInitiator       : HHH000490: Using JtaPlatform implementation: [org.hibernate.engine.transaction.jta.platform.internal.NoJtaPlatform]
2020-10-28 13:35:30.826  INFO 12078 --- [task-1] j.LocalContainerEntityManagerFactoryBean : Initialized JPA EntityManagerFactory for persistence unit 'default'
2020-10-28 13:35:30.830 DEBUG 12078 --- [restartedMain] .c.JpaMetamodelMappingContextFactoryBean : Finished initializing JpaMetamodelMappingContext!
2020-10-28 13:35:30.885 DEBUG 12078 --- [restartedMain] o.s.d.r.c.s.RepositoryFactorySupport     : Initializing repository instance for com.selimhorri.app.pack.repositories.DepartmentRepository…
2020-10-28 13:35:30.910 DEBUG 12078 --- [restartedMain] o.s.d.r.c.s.RepositoryFactorySupport     : Finished creation of repository instance for com.selimhorri.app.pack.repositories.DepartmentRepository.
2020-10-28 13:35:30.914 DEBUG 12078 --- [restartedMain] o.s.d.r.c.s.RepositoryFactorySupport     : Initializing repository instance for com.selimhorri.app.pack.repositories.EmployeeRepository…
2020-10-28 13:35:30.926 DEBUG 12078 --- [restartedMain] o.s.d.j.r.query.JpaQueryFactory          : Looking up query for method getBoss
2020-10-28 13:35:30.935 DEBUG 12078 --- [restartedMain] o.s.d.r.c.s.RepositoryFactorySupport     : Finished creation of repository instance for com.selimhorri.app.pack.repositories.EmployeeRepository.
2020-10-28 13:35:30.935  INFO 12078 --- [restartedMain] DeferredRepositoryInitializationListener : Spring Data repositories initialized!
2020-10-28 13:35:30.941  INFO 12078 --- [restartedMain] c.s.a.p.HrManagementSystemApplication    : Started HrManagementSystemApplication in 1.585 seconds (JVM running for 2.05)
2020-10-28 13:35:55.709  INFO 12078 --- [RMI TCP Connection(2)-127.0.0.1] inMXBeanRegistrar$SpringApplicationAdmin : Application shutdown requested.
2020-10-28 13:35:55.766  INFO 12078 --- [RMI TCP Connection(2)-127.0.0.1] j.LocalContainerEntityManagerFactoryBean : Closing JPA EntityManagerFactory for persistence unit 'default'
2020-10-28 13:35:55.767  INFO 12078 --- [RMI TCP Connection(2)-127.0.0.1] o.s.s.concurrent.ThreadPoolTaskExecutor  : Shutting down ExecutorService 'applicationTaskExecutor'
2020-10-28 13:35:55.768  INFO 12078 --- [RMI TCP Connection(2)-127.0.0.1] com.zaxxer.hikari.HikariDataSource       : HikariPool-1 - Shutdown initiated...
2020-10-28 13:35:55.772  INFO 12078 --- [RMI TCP Connection(2)-127.0.0.1] com.zaxxer.hikari.HikariDataSource       : HikariPool-1 - Shutdown completed.
